Using pre-set license
Built from '2020.3/staging' branch; Version is '2020.3.5f1 (8095aa901b9b) revision 8426922'; Using compiler version '192528614'; Build Type 'Release'
OS: 'Windows 10 Home; OS build 19041.928; Version 2004; 64bit' Language: 'en' Physical Memory: 16272 MB
BatchMode: 1, IsHumanControllingUs: 0, StartBugReporterOnCrash: 0, Is64bit: 1, IsPro: 0

 COMMAND LINE ARGUMENTS:
D:\Unity\2020.3.5f1\Editor\Unity.exe
-adb2
-batchMode
-noUpm
-name
AssetImportWorker0
-projectPath
D:/githu/unity-shader-testing
-logFile
Logs/AssetImportWorker0.log
-srvPort
60927
Successfully changed project path to: D:/githu/unity-shader-testing
D:/githu/unity-shader-testing
Using Asset Import Pipeline V2.
Refreshing native plugins compatible for Editor in 40.69 ms, found 0 plugins.
Preloading 0 native plugins for Editor in 0.00 ms.
Initialize engine version: 2020.3.5f1 (8095aa901b9b)
[Subsystems] Discovering subsystems at path D:/Unity/2020.3.5f1/Editor/Data/Resources/UnitySubsystems
[Subsystems] Discovering subsystems at path D:/githu/unity-shader-testing/Assets
GfxDevice: creating device client; threaded=0
Direct3D:
    Version:  Direct3D 11.0 [level 11.1]
    Renderer: NVIDIA GeForce GTX 1050 Ti (ID=0x1c8c)
    Vendor:   
    VRAM:     4018 MB
    Driver:   27.21.14.6611
Initialize mono
Mono path[0] = 'D:/Unity/2020.3.5f1/Editor/Data/Managed'
Mono path[1] = 'D:/Unity/2020.3.5f1/Editor/Data/MonoBleedingEdge/lib/mono/unityjit'
Mono config path = 'D:/Unity/2020.3.5f1/Editor/Data/MonoBleedingEdge/etc'
Using monoOptions --debugger-agent=transport=dt_socket,embedding=1,server=y,suspend=n,address=127.0.0.1:56340
Begin MonoManager ReloadAssembly
Registering precompiled unity dll's ...
Register platform support module: D:/Unity/2020.3.5f1/Editor/Data/PlaybackEngines/WebGLSupport/UnityEditor.WebGL.Extensions.dll
Register platform support module: D:/Unity/2020.3.5f1/Editor/Data/PlaybackEngines/WindowsStandaloneSupport/UnityEditor.WindowsStandalone.Extensions.dll
Registered in 0.001255 seconds.
Native extension for WindowsStandalone target not found
Native extension for WebGL target not found
Refreshing native plugins compatible for Editor in 43.45 ms, found 0 plugins.
Preloading 0 native plugins for Editor in 0.00 ms.
Mono: successfully reloaded assembly
- Completed reload, in  0.950 seconds
Platform modules already initialized, skipping
Registering precompiled user dll's ...
Registered in 0.001016 seconds.
Begin MonoManager ReloadAssembly
Native extension for WindowsStandalone target not found
Native extension for WebGL target not found
Refreshing native plugins compatible for Editor in 41.73 ms, found 0 plugins.
Preloading 0 native plugins for Editor in 0.00 ms.
Mono: successfully reloaded assembly
- Completed reload, in  0.970 seconds
Platform modules already initialized, skipping
========================================================================
Worker process is ready to serve import requests
Shader 'Universal Render Pipeline/Particles/Lit': fallback shader 'Universal Render Pipeline/Particles/SimpleLit' not found
Shader 'Universal Render Pipeline/Particles/Lit': fallback shader 'Universal Render Pipeline/Particles/SimpleLit' not found
Launched and connected shader compiler UnityShaderCompiler.exe after 0.05 seconds
Refreshing native plugins compatible for Editor in 0.40 ms, found 0 plugins.
Preloading 0 native plugins for Editor in 0.00 ms.
Unloading 2419 Unused Serialized files (Serialized files now loaded: 0)
System memory in use before: 115.0 MB.
System memory in use after: 112.5 MB.

Unloading 42 unused Assets to reduce memory usage. Loaded Objects now: 2833.
Total: 3.132000 ms (FindLiveObjects: 0.229400 ms CreateObjectMapping: 0.119400 ms MarkObjects: 1.678900 ms  DeleteObjects: 1.103200 ms)

========================================================================
Received Import Request.
  path: Assets/models/LinkNew.fbx
  artifactKey: Guid(05eb84c6fc127dc449980e6a89af9a06) Importer(815301076,1909f56bfc062723c751e8b465ee728b)
Start importing Assets/models/LinkNew.fbx using Guid(05eb84c6fc127dc449980e6a89af9a06) Importer(815301076,1909f56bfc062723c751e8b465ee728b)  -> (artifact id: '23e22a07492ff9569ec8defe8e9c60d7') in 0.833208 seconds
  Import took 0.854926 seconds .

========================================================================
Received Import Request.
  Time since last request: 4.432203 seconds.
  path: Assets/Char_Killer_Living.prefab
  artifactKey: Guid(ecec32d1c79b3c849b17e78aa12e9294) Importer(815301076,1909f56bfc062723c751e8b465ee728b)
Start importing Assets/Char_Killer_Living.prefab using Guid(ecec32d1c79b3c849b17e78aa12e9294) Importer(815301076,1909f56bfc062723c751e8b465ee728b)  -> (artifact id: '3fa4c59cac8373abbd9304f6994e65f3') in 0.595651 seconds
  Import took 0.617645 seconds .

========================================================================
Received Import Request.
  Time since last request: 0.000292 seconds.
  path: Assets/Char_Lover_Living.prefab
  artifactKey: Guid(491231ae1d596084ba95738a2a26fadd) Importer(815301076,1909f56bfc062723c751e8b465ee728b)
Start importing Assets/Char_Lover_Living.prefab using Guid(491231ae1d596084ba95738a2a26fadd) Importer(815301076,1909f56bfc062723c751e8b465ee728b)  -> (artifact id: 'e4dc3080ca9e683e6af1810d9d00bc81') in 0.427554 seconds
  Import took 0.484865 seconds .

========================================================================
Received Import Request.
  Time since last request: 0.000334 seconds.
  path: Assets/Char_Main_Living.prefab
  artifactKey: Guid(dc208ddcf05a9f445bf16482c6b9a001) Importer(815301076,1909f56bfc062723c751e8b465ee728b)
Start importing Assets/Char_Main_Living.prefab using Guid(dc208ddcf05a9f445bf16482c6b9a001) Importer(815301076,1909f56bfc062723c751e8b465ee728b)  -> (artifact id: '8839122939e8e0cf0c466042bed8b2ac') in 0.439652 seconds
  Import took 0.444189 seconds .

========================================================================
Received Prepare
Registering precompiled user dll's ...
Registered in 0.001181 seconds.
Begin MonoManager ReloadAssembly
Native extension for WindowsStandalone target not found
Native extension for WebGL target not found
Refreshing native plugins compatible for Editor in 0.63 ms, found 0 plugins.
Preloading 0 native plugins for Editor in 0.00 ms.
Mono: successfully reloaded assembly
- Completed reload, in  0.917 seconds
Platform modules already initialized, skipping
Shader 'Universal Render Pipeline/Particles/Lit': fallback shader 'Universal Render Pipeline/Particles/SimpleLit' not found
Shader 'Universal Render Pipeline/Particles/Lit': fallback shader 'Universal Render Pipeline/Particles/SimpleLit' not found
Refreshing native plugins compatible for Editor in 0.39 ms, found 0 plugins.
Preloading 0 native plugins for Editor in 0.00 ms.
Unloading 2341 Unused Serialized files (Serialized files now loaded: 0)
System memory in use before: 130.3 MB.
System memory in use after: 127.8 MB.

Unloading 37 unused Assets to reduce memory usage. Loaded Objects now: 2885.
Total: 4.676800 ms (FindLiveObjects: 0.344500 ms CreateObjectMapping: 0.156800 ms MarkObjects: 2.705800 ms  DeleteObjects: 1.468400 ms)

========================================================================
Received Import Request.
  Time since last request: 91.995575 seconds.
  path: Assets/materials/CEL shader material.mat
  artifactKey: Guid(afba805b636c58647b447f9bdf83b443) Importer(815301076,1909f56bfc062723c751e8b465ee728b)
Start importing Assets/materials/CEL shader material.mat using Guid(afba805b636c58647b447f9bdf83b443) Importer(815301076,1909f56bfc062723c751e8b465ee728b)  -> (artifact id: '6c9204f945b53c917137d5b0b1038963') in 0.212241 seconds
  Import took 0.243638 seconds .

========================================================================
Received Import Request.
  Time since last request: 4.886867 seconds.
  path: Assets/Char_Main/Avatar/Char_KillerAvatar.asset
  artifactKey: Guid(64e2497a324019542810de8a2409ca4e) Importer(815301076,1909f56bfc062723c751e8b465ee728b)
Start importing Assets/Char_Main/Avatar/Char_KillerAvatar.asset using Guid(64e2497a324019542810de8a2409ca4e) Importer(815301076,1909f56bfc062723c751e8b465ee728b)  -> (artifact id: 'ec963e7814279c7008e5347d7ce438a2') in 0.010738 seconds
  Import took 0.015014 seconds .

========================================================================
Received Import Request.
  Time since last request: 0.000322 seconds.
  path: Assets/Char_Main/Avatar/Char_LoverAvatar.asset
  artifactKey: Guid(f69318779376ea54ebc4be1a360f8a98) Importer(815301076,1909f56bfc062723c751e8b465ee728b)
Start importing Assets/Char_Main/Avatar/Char_LoverAvatar.asset using Guid(f69318779376ea54ebc4be1a360f8a98) Importer(815301076,1909f56bfc062723c751e8b465ee728b)  -> (artifact id: '428b41f334dcdbc8868308303375d8c4') in 0.006469 seconds
  Import took 0.069632 seconds .

========================================================================
Received Import Request.
  Time since last request: 0.000342 seconds.
  path: Assets/Char_Main/Avatar/Char_MainAvatar.asset
  artifactKey: Guid(6b637d7d8d492d945833da89f27d3b07) Importer(815301076,1909f56bfc062723c751e8b465ee728b)
Start importing Assets/Char_Main/Avatar/Char_MainAvatar.asset using Guid(6b637d7d8d492d945833da89f27d3b07) Importer(815301076,1909f56bfc062723c751e8b465ee728b)  -> (artifact id: 'ae544051ed69c36ff8d14dc998332b36') in 0.006737 seconds
  Import took 0.010273 seconds .

========================================================================
Received Import Request.
  Time since last request: 1.436684 seconds.
  path: Assets/Char_Main/Material/Char_Killer_Living_Material.mat
  artifactKey: Guid(20cf73d5cc21d24499644a3856b249a2) Importer(815301076,1909f56bfc062723c751e8b465ee728b)
Start importing Assets/Char_Main/Material/Char_Killer_Living_Material.mat using Guid(20cf73d5cc21d24499644a3856b249a2) Importer(815301076,1909f56bfc062723c751e8b465ee728b)  -> (artifact id: 'fb4c5ffc922269989ac41f50a4b00cbd') in 0.012709 seconds
  Import took 0.051548 seconds .

========================================================================
Received Import Request.
  Time since last request: 0.000365 seconds.
  path: Assets/Char_Main/Material/Char_Lover_Living_Material.mat
  artifactKey: Guid(1fcbcf9f4093eef4f9f5a1ba36f88b29) Importer(815301076,1909f56bfc062723c751e8b465ee728b)
Start importing Assets/Char_Main/Material/Char_Lover_Living_Material.mat using Guid(1fcbcf9f4093eef4f9f5a1ba36f88b29) Importer(815301076,1909f56bfc062723c751e8b465ee728b)  -> (artifact id: 'c823059d22ff643a694309a3d21a743e') in 0.011556 seconds
  Import took 0.020554 seconds .

========================================================================
Received Import Request.
  Time since last request: 0.000313 seconds.
  path: Assets/Char_Main/Material/Char_Main_Skeleton_Material.mat
  artifactKey: Guid(ef8d34537d68e20459ae48d533b09444) Importer(815301076,1909f56bfc062723c751e8b465ee728b)
Start importing Assets/Char_Main/Material/Char_Main_Skeleton_Material.mat using Guid(ef8d34537d68e20459ae48d533b09444) Importer(815301076,1909f56bfc062723c751e8b465ee728b)  -> (artifact id: 'a13a6b626654be78617ab9716b2f94ce') in 0.024022 seconds
  Import took 0.032120 seconds .

========================================================================
Received Import Request.
  Time since last request: 0.000306 seconds.
  path: Assets/Char_Main/Material/Char_Main_Living_Material.mat
  artifactKey: Guid(70e20ac7ac0138b4285ba04d85f917c2) Importer(815301076,1909f56bfc062723c751e8b465ee728b)
Start importing Assets/Char_Main/Material/Char_Main_Living_Material.mat using Guid(70e20ac7ac0138b4285ba04d85f917c2) Importer(815301076,1909f56bfc062723c751e8b465ee728b)  -> (artifact id: '65545dfca828a1bba1487bcfa9b517e5') in 0.028539 seconds
  Import took 0.032354 seconds .

========================================================================
Received Import Request.
  Time since last request: 13.198853 seconds.
  path: Assets/Char_Main/Material
  artifactKey: Guid(3bf9670dd8140f842892485f4dc43048) Importer(815301076,1909f56bfc062723c751e8b465ee728b)
Start importing Assets/Char_Main/Material using Guid(3bf9670dd8140f842892485f4dc43048) Importer(815301076,1909f56bfc062723c751e8b465ee728b)  -> (artifact id: '7b2cd4e912799afdabebe3a729b64885') in 0.006321 seconds
  Import took 0.049861 seconds .

========================================================================
Received Import Request.
  Time since last request: 0.555622 seconds.
  path: Assets/Char_Main/Mesh
  artifactKey: Guid(2f2bfcbe5b8236947b1e15a50896d28b) Importer(815301076,1909f56bfc062723c751e8b465ee728b)
Start importing Assets/Char_Main/Mesh using Guid(2f2bfcbe5b8236947b1e15a50896d28b) Importer(815301076,1909f56bfc062723c751e8b465ee728b)  -> (artifact id: 'b0fc96ca9ae46400749429e699fae4bc') in 0.005434 seconds
  Import took 0.043066 seconds .

========================================================================
Received Import Request.
  Time since last request: 0.045892 seconds.
  path: Assets/Char_Main/Mesh/Killer_Armor_Model.asset
  artifactKey: Guid(f2d9d6b8bcd498f49bd063a87376f5a1) Importer(815301076,1909f56bfc062723c751e8b465ee728b)
Start importing Assets/Char_Main/Mesh/Killer_Armor_Model.asset using Guid(f2d9d6b8bcd498f49bd063a87376f5a1) Importer(815301076,1909f56bfc062723c751e8b465ee728b)  -> (artifact id: '53508b6304f7036afc607b9c7a1aacd5') in 0.025743 seconds
  Import took 0.052096 seconds .

========================================================================
Received Import Request.
  Time since last request: 0.000305 seconds.
  path: Assets/Char_Main/Mesh/Lover_Skeleton_Model.asset
  artifactKey: Guid(400479e486f78d64bb4be95b34802b7b) Importer(815301076,1909f56bfc062723c751e8b465ee728b)
Start importing Assets/Char_Main/Mesh/Lover_Skeleton_Model.asset using Guid(400479e486f78d64bb4be95b34802b7b) Importer(815301076,1909f56bfc062723c751e8b465ee728b)  -> (artifact id: '65c518a5f7df2d16f9dbe2ddb91db0c5') in 0.012425 seconds
  Import took 0.016011 seconds .

========================================================================
Received Import Request.
  Time since last request: 0.000308 seconds.
  path: Assets/Char_Main/Mesh/Killer_Body_Model.asset
  artifactKey: Guid(778f40064db29ab4a9d3f18e4b1a2aad) Importer(815301076,1909f56bfc062723c751e8b465ee728b)
Start importing Assets/Char_Main/Mesh/Killer_Body_Model.asset using Guid(778f40064db29ab4a9d3f18e4b1a2aad) Importer(815301076,1909f56bfc062723c751e8b465ee728b)  -> (artifact id: 'bc53734dcaa36cf2b680969f8281d947') in 0.016284 seconds
  Import took 0.019855 seconds .

========================================================================
Received Import Request.
  Time since last request: 0.000342 seconds.
  path: Assets/Char_Main/Mesh/Lover_Armor_Model.asset
  artifactKey: Guid(9d22eaab88623dd47a3e83a6e2f46f9f) Importer(815301076,1909f56bfc062723c751e8b465ee728b)
Start importing Assets/Char_Main/Mesh/Lover_Armor_Model.asset using Guid(9d22eaab88623dd47a3e83a6e2f46f9f) Importer(815301076,1909f56bfc062723c751e8b465ee728b)  -> (artifact id: 'b02fc085db7dfd1ea49005bb9d318c69') in 0.014988 seconds
  Import took 0.029340 seconds .

========================================================================
Received Import Request.
  Time since last request: 0.000324 seconds.
  path: Assets/Char_Main/Mesh/Skeleton_Model.asset
  artifactKey: Guid(e36bf92a6b214cc46856e38798591927) Importer(815301076,1909f56bfc062723c751e8b465ee728b)
Start importing Assets/Char_Main/Mesh/Skeleton_Model.asset using Guid(e36bf92a6b214cc46856e38798591927) Importer(815301076,1909f56bfc062723c751e8b465ee728b)  -> (artifact id: '9b7e008532c00a638c4c4e79216aef28') in 0.014255 seconds
  Import took 0.018057 seconds .

========================================================================
Received Import Request.
  Time since last request: 0.000263 seconds.
  path: Assets/Char_Main/Mesh/Main_Armor_Model.asset
  artifactKey: Guid(0dc39ea00ffd28f41b71e928f797aeb3) Importer(815301076,1909f56bfc062723c751e8b465ee728b)
Start importing Assets/Char_Main/Mesh/Main_Armor_Model.asset using Guid(0dc39ea00ffd28f41b71e928f797aeb3) Importer(815301076,1909f56bfc062723c751e8b465ee728b)  -> (artifact id: '89545cd9073d7771c60dfff9a38d1ef0') in 0.013224 seconds
  Import took 0.017205 seconds .

========================================================================
Received Import Request.
  Time since last request: 0.000394 seconds.
  path: Assets/Char_Main/Mesh/Main_Helmet_Model.asset
  artifactKey: Guid(6ea125a47e7f3a54185d12e05fdf7c32) Importer(815301076,1909f56bfc062723c751e8b465ee728b)
Start importing Assets/Char_Main/Mesh/Main_Helmet_Model.asset using Guid(6ea125a47e7f3a54185d12e05fdf7c32) Importer(815301076,1909f56bfc062723c751e8b465ee728b)  -> (artifact id: 'de0dcea97ff966f35be98d270556556a') in 0.012106 seconds
  Import took 0.015923 seconds .

========================================================================
Received Import Request.
  Time since last request: 0.000228 seconds.
  path: Assets/Char_Main/Mesh/Killer_Sword.asset
  artifactKey: Guid(8d077019f2d79744b995a2643829709c) Importer(815301076,1909f56bfc062723c751e8b465ee728b)
Start importing Assets/Char_Main/Mesh/Killer_Sword.asset using Guid(8d077019f2d79744b995a2643829709c) Importer(815301076,1909f56bfc062723c751e8b465ee728b)  -> (artifact id: '478eae3bb17fbfad1cbe426dffed147c') in 0.011678 seconds
  Import took 0.015444 seconds .

========================================================================
Received Import Request.
  Time since last request: 0.000321 seconds.
  path: Assets/Char_Main/Mesh/Killer_Skeleton_Model.asset
  artifactKey: Guid(340a746d865672740b134892baddd0cd) Importer(815301076,1909f56bfc062723c751e8b465ee728b)
Start importing Assets/Char_Main/Mesh/Killer_Skeleton_Model.asset using Guid(340a746d865672740b134892baddd0cd) Importer(815301076,1909f56bfc062723c751e8b465ee728b)  -> (artifact id: '76e0ce3b50e3ea0576dbc72c5ae35bb1') in 0.013659 seconds
  Import took 0.018002 seconds .

========================================================================
Received Import Request.
  Time since last request: 0.000341 seconds.
  path: Assets/Char_Main/Mesh/Main_Body_Model.asset
  artifactKey: Guid(e6e78c06595102e44a210360af53cfbc) Importer(815301076,1909f56bfc062723c751e8b465ee728b)
Start importing Assets/Char_Main/Mesh/Main_Body_Model.asset using Guid(e6e78c06595102e44a210360af53cfbc) Importer(815301076,1909f56bfc062723c751e8b465ee728b)  -> (artifact id: '87da652c0147779bbe70533cc8c4d2ef') in 0.014139 seconds
  Import took 0.023430 seconds .

========================================================================
Received Import Request.
  Time since last request: 0.000390 seconds.
  path: Assets/Char_Main/Mesh/Lover_Body_Model.asset
  artifactKey: Guid(f2f0680bdf3fdd54c9f5795255f01bbc) Importer(815301076,1909f56bfc062723c751e8b465ee728b)
Start importing Assets/Char_Main/Mesh/Lover_Body_Model.asset using Guid(f2f0680bdf3fdd54c9f5795255f01bbc) Importer(815301076,1909f56bfc062723c751e8b465ee728b)  -> (artifact id: '440b0a1182b4bd908d93f1ee71517c28') in 0.014595 seconds
  Import took 0.027688 seconds .

========================================================================
Received Prepare
Registering precompiled user dll's ...
Registered in 0.000963 seconds.
Begin MonoManager ReloadAssembly
Native extension for WindowsStandalone target not found
Native extension for WebGL target not found
Refreshing native plugins compatible for Editor in 0.37 ms, found 0 plugins.
Preloading 0 native plugins for Editor in 0.00 ms.
Mono: successfully reloaded assembly
- Completed reload, in  0.935 seconds
Platform modules already initialized, skipping
Shader 'Universal Render Pipeline/Particles/Lit': fallback shader 'Universal Render Pipeline/Particles/SimpleLit' not found
Shader 'Universal Render Pipeline/Particles/Lit': fallback shader 'Universal Render Pipeline/Particles/SimpleLit' not found
Refreshing native plugins compatible for Editor in 0.39 ms, found 0 plugins.
Preloading 0 native plugins for Editor in 0.00 ms.
Unloading 2341 Unused Serialized files (Serialized files now loaded: 0)
System memory in use before: 130.6 MB.
System memory in use after: 128.2 MB.

Unloading 37 unused Assets to reduce memory usage. Loaded Objects now: 2957.
Total: 3.572500 ms (FindLiveObjects: 0.384800 ms CreateObjectMapping: 0.159900 ms MarkObjects: 1.800600 ms  DeleteObjects: 1.225800 ms)

========================================================================
Received Import Request.
  Time since last request: 12.468860 seconds.
  path: Assets/Char_Main/Texture2D/Char_Lover_Living_Texture.png
  artifactKey: Guid(a1474dd7fd703704e9c3d1758ff3c253) Importer(815301076,1909f56bfc062723c751e8b465ee728b)
Start importing Assets/Char_Main/Texture2D/Char_Lover_Living_Texture.png using Guid(a1474dd7fd703704e9c3d1758ff3c253) Importer(815301076,1909f56bfc062723c751e8b465ee728b)  -> (artifact id: '0b4db468fd2b5249b3b94af48e5d82e1') in 0.054586 seconds
  Import took 0.083103 seconds .

========================================================================
Received Import Request.
  Time since last request: 0.000342 seconds.
  path: Assets/Char_Main/Texture2D/Mask_Blood_Lover_Texture.png
  artifactKey: Guid(8ae176241b377ad468cf05179c724697) Importer(815301076,1909f56bfc062723c751e8b465ee728b)
Start importing Assets/Char_Main/Texture2D/Mask_Blood_Lover_Texture.png using Guid(8ae176241b377ad468cf05179c724697) Importer(815301076,1909f56bfc062723c751e8b465ee728b)  -> (artifact id: '047e26fbe3d9937bfdd332927583ac3f') in 0.013232 seconds
  Import took 0.048203 seconds .

========================================================================
Received Import Request.
  Time since last request: 0.000325 seconds.
  path: Assets/Char_Main/Texture2D/Char_Main_Living_Texture.png
  artifactKey: Guid(a26aaa79f65ecd040b799aebc580e952) Importer(815301076,1909f56bfc062723c751e8b465ee728b)
Start importing Assets/Char_Main/Texture2D/Char_Main_Living_Texture.png using Guid(a26aaa79f65ecd040b799aebc580e952) Importer(815301076,1909f56bfc062723c751e8b465ee728b)  -> (artifact id: 'b3cc230d86c481ac7aa86b0710423975') in 0.010118 seconds
  Import took 0.041190 seconds .

========================================================================
Received Import Request.
  Time since last request: 0.000327 seconds.
  path: Assets/Char_Main/Texture2D/Mask_Blood_Lover_Texture.png
  artifactKey: Guid(8ae176241b377ad468cf05179c724697) Importer(815301076,1909f56bfc062723c751e8b465ee728b)
Start importing Assets/Char_Main/Texture2D/Mask_Blood_Lover_Texture.png using Guid(8ae176241b377ad468cf05179c724697) Importer(815301076,1909f56bfc062723c751e8b465ee728b)  -> (artifact id: '047e26fbe3d9937bfdd332927583ac3f') in 0.005193 seconds
  Import took 0.008607 seconds .

========================================================================
Received Import Request.
  Time since last request: 0.000287 seconds.
  path: Assets/Char_Main/Texture2D/Char_Main_Skeleton_Texture.png
  artifactKey: Guid(13bbed888dfdc9c4797e6330ff787a17) Importer(815301076,1909f56bfc062723c751e8b465ee728b)
Start importing Assets/Char_Main/Texture2D/Char_Main_Skeleton_Texture.png using Guid(13bbed888dfdc9c4797e6330ff787a17) Importer(815301076,1909f56bfc062723c751e8b465ee728b)  -> (artifact id: '989673c0a7c683f2d1dcf003fd6de17e') in 0.008747 seconds
  Import took 0.016082 seconds .

========================================================================
Received Import Request.
  Time since last request: 0.000325 seconds.
  path: Assets/Char_Main/Texture2D/Char_Killer_Living_Texture.png
  artifactKey: Guid(522014bd18d708b46a3c2925c83a38cb) Importer(815301076,1909f56bfc062723c751e8b465ee728b)
Start importing Assets/Char_Main/Texture2D/Char_Killer_Living_Texture.png using Guid(522014bd18d708b46a3c2925c83a38cb) Importer(815301076,1909f56bfc062723c751e8b465ee728b)  -> (artifact id: '474f0c828c930c6bbc61d3f71c5fb70b') in 0.010755 seconds
  Import took 0.014203 seconds .

========================================================================
Received Import Request.
  Time since last request: 19.438889 seconds.
  path: Assets/Char_Main/Texture2D/Char_Killer_Living_Texture.png
  artifactKey: Guid(522014bd18d708b46a3c2925c83a38cb) Importer(815301076,1909f56bfc062723c751e8b465ee728b)
Start importing Assets/Char_Main/Texture2D/Char_Killer_Living_Texture.png using Guid(522014bd18d708b46a3c2925c83a38cb) Importer(815301076,1909f56bfc062723c751e8b465ee728b)  -> (artifact id: '431edc2408b6fe1b3b2af9b08c0fd18f') in 0.011340 seconds
  Import took 0.014968 seconds .

========================================================================
Received Import Request.
  Time since last request: 0.000312 seconds.
  path: Assets/Char_Main/Texture2D/Char_Lover_Living_Texture.png
  artifactKey: Guid(a1474dd7fd703704e9c3d1758ff3c253) Importer(815301076,1909f56bfc062723c751e8b465ee728b)
Start importing Assets/Char_Main/Texture2D/Char_Lover_Living_Texture.png using Guid(a1474dd7fd703704e9c3d1758ff3c253) Importer(815301076,1909f56bfc062723c751e8b465ee728b)  -> (artifact id: '04165b7eb2c77117416f14df7da5ecfa') in 0.011927 seconds
  Import took 0.016391 seconds .

========================================================================
Received Import Request.
  Time since last request: 0.000401 seconds.
  path: Assets/Char_Main/Texture2D/Mask_Blood_Lover_Texture.png
  artifactKey: Guid(8ae176241b377ad468cf05179c724697) Importer(815301076,1909f56bfc062723c751e8b465ee728b)
Start importing Assets/Char_Main/Texture2D/Mask_Blood_Lover_Texture.png using Guid(8ae176241b377ad468cf05179c724697) Importer(815301076,1909f56bfc062723c751e8b465ee728b)  -> (artifact id: '731f47f460fad449e2a383d22a51a08c') in 0.005372 seconds
  Import took 0.009494 seconds .

========================================================================
Received Import Request.
  Time since last request: 0.000307 seconds.
  path: Assets/Char_Main/Texture2D/Char_Main_Living_Texture.png
  artifactKey: Guid(a26aaa79f65ecd040b799aebc580e952) Importer(815301076,1909f56bfc062723c751e8b465ee728b)
Start importing Assets/Char_Main/Texture2D/Char_Main_Living_Texture.png using Guid(a26aaa79f65ecd040b799aebc580e952) Importer(815301076,1909f56bfc062723c751e8b465ee728b)  -> (artifact id: '361246e5da9bdc530ef08b69bcb4417d') in 0.010032 seconds
  Import took 0.014668 seconds .

========================================================================
Received Import Request.
  Time since last request: 0.000255 seconds.
  path: Assets/Char_Main/Texture2D/Char_Main_Skeleton_Texture.png
  artifactKey: Guid(13bbed888dfdc9c4797e6330ff787a17) Importer(815301076,1909f56bfc062723c751e8b465ee728b)
Start importing Assets/Char_Main/Texture2D/Char_Main_Skeleton_Texture.png using Guid(13bbed888dfdc9c4797e6330ff787a17) Importer(815301076,1909f56bfc062723c751e8b465ee728b)  -> (artifact id: 'ec1b559d2cad5207c64efb7600c41bed') in 0.011980 seconds
  Import took 0.016479 seconds .

========================================================================
Received Import Request.
  Time since last request: 5.427631 seconds.
  path: Assets/Char_Main/Texture2D/Char_Main_Skeleton_Texture.png
  artifactKey: Guid(13bbed888dfdc9c4797e6330ff787a17) Importer(815301076,1909f56bfc062723c751e8b465ee728b)
Start importing Assets/Char_Main/Texture2D/Char_Main_Skeleton_Texture.png using Guid(13bbed888dfdc9c4797e6330ff787a17) Importer(815301076,1909f56bfc062723c751e8b465ee728b)  -> (artifact id: 'bf8fbc7d009e6a2e18ab1e9f7e98df1f') in 0.010294 seconds
  Import took 0.013981 seconds .

========================================================================
Received Import Request.
  Time since last request: 88.429092 seconds.
  path: Assets/Char_Main
  artifactKey: Guid(1004eb8d4c2ae0b4db9a89212eb5146e) Importer(815301076,1909f56bfc062723c751e8b465ee728b)
Start importing Assets/Char_Main using Guid(1004eb8d4c2ae0b4db9a89212eb5146e) Importer(815301076,1909f56bfc062723c751e8b465ee728b)  -> (artifact id: '5ed152a3e5901b64c73f44105f385d72') in 0.005981 seconds
  Import took 0.062540 seconds .

========================================================================
Received Import Request.
  Time since last request: 41.119816 seconds.
  path: Assets/Char_Main/Char_Main_Living 1.prefab
  artifactKey: Guid(8a0a0229f4a467542917c4f66a1ed2b5) Importer(815301076,1909f56bfc062723c751e8b465ee728b)
Start importing Assets/Char_Main/Char_Main_Living 1.prefab using Guid(8a0a0229f4a467542917c4f66a1ed2b5) Importer(815301076,1909f56bfc062723c751e8b465ee728b)  -> (artifact id: '2628d25c6583cb9efae6abec9325c5c3') in 0.559578 seconds
  Import took 0.565020 seconds .

========================================================================
Received Import Request.
  Time since last request: 19.426210 seconds.
  path: Assets/Char_Main/Char_Lover_Living.prefab
  artifactKey: Guid(491231ae1d596084ba95738a2a26fadd) Importer(815301076,1909f56bfc062723c751e8b465ee728b)
Start importing Assets/Char_Main/Char_Lover_Living.prefab using Guid(491231ae1d596084ba95738a2a26fadd) Importer(815301076,1909f56bfc062723c751e8b465ee728b)  -> (artifact id: 'dba45653053174c9f55083c508b4c0ab') in 0.424676 seconds
  Import took 0.429676 seconds .

========================================================================
Received Import Request.
  Time since last request: 1.541717 seconds.
  path: Assets/Char_Main/Char_Killer_Living.prefab
  artifactKey: Guid(ecec32d1c79b3c849b17e78aa12e9294) Importer(815301076,1909f56bfc062723c751e8b465ee728b)
Start importing Assets/Char_Main/Char_Killer_Living.prefab using Guid(ecec32d1c79b3c849b17e78aa12e9294) Importer(815301076,1909f56bfc062723c751e8b465ee728b)  -> (artifact id: 'e4b53a8a5329dc7a6c01b2b61ee87cf2') in 0.456269 seconds
  Import took 0.461468 seconds .

========================================================================
Received Import Request.
  Time since last request: 65.746745 seconds.
  path: Assets/models/LinkNew.fbx
  artifactKey: Guid(05eb84c6fc127dc449980e6a89af9a06) Importer(815301076,1909f56bfc062723c751e8b465ee728b)
Start importing Assets/models/LinkNew.fbx using Guid(05eb84c6fc127dc449980e6a89af9a06) Importer(815301076,1909f56bfc062723c751e8b465ee728b)  -> (artifact id: 'f59eaa52d953fed1b41d1c0e9e75367e') in 0.054769 seconds
  Import took 0.065186 seconds .

========================================================================
Received Import Request.
  Time since last request: 8.069885 seconds.
  path: Assets/models/LinkNew.fbx
  artifactKey: Guid(05eb84c6fc127dc449980e6a89af9a06) Importer(815301076,1909f56bfc062723c751e8b465ee728b)
Start importing Assets/models/LinkNew.fbx using Guid(05eb84c6fc127dc449980e6a89af9a06) Importer(815301076,1909f56bfc062723c751e8b465ee728b)  -> (artifact id: '06394d170936a4abf2ca56244bb51330') in 0.033071 seconds
  Import took 0.043860 seconds .

========================================================================
Received Import Request.
  Time since last request: 9.951359 seconds.
  path: Assets/models/LinkNew.fbx
  artifactKey: Guid(05eb84c6fc127dc449980e6a89af9a06) Importer(815301076,1909f56bfc062723c751e8b465ee728b)
Start importing Assets/models/LinkNew.fbx using Guid(05eb84c6fc127dc449980e6a89af9a06) Importer(815301076,1909f56bfc062723c751e8b465ee728b)  -> (artifact id: '2ba1abfafe0d5d680012b9a4761c10dc') in 0.031068 seconds
  Import took 0.036449 seconds .

========================================================================
Received Import Request.
  Time since last request: 130.480188 seconds.
  path: Assets/models/Materials/LinkNew-Material.mat
  artifactKey: Guid(c9145eddc8fb27e44ba12138d82e3892) Importer(815301076,1909f56bfc062723c751e8b465ee728b)
Start importing Assets/models/Materials/LinkNew-Material.mat using Guid(c9145eddc8fb27e44ba12138d82e3892) Importer(815301076,1909f56bfc062723c751e8b465ee728b)  -> (artifact id: '9b80295eb5a0a1ae59aa42aaca6c488d') in 0.024801 seconds
  Import took 0.028987 seconds .

========================================================================
Received Import Request.
  Time since last request: 0.000307 seconds.
  path: Assets/models/Materials/Material.mat
  artifactKey: Guid(78477c34af6e0b943a431b7cd3bb2800) Importer(815301076,1909f56bfc062723c751e8b465ee728b)
Start importing Assets/models/Materials/Material.mat using Guid(78477c34af6e0b943a431b7cd3bb2800) Importer(815301076,1909f56bfc062723c751e8b465ee728b)  -> (artifact id: '1eabc38dad05cf7cf5077e0537040175') in 0.020902 seconds
  Import took 0.055232 seconds .

========================================================================
Received Import Request.
  Time since last request: 0.000316 seconds.
  path: Assets/models/Materials/TextureAtlas.mat
  artifactKey: Guid(3bad71f3449a38e4cb02ec8412ff46c1) Importer(815301076,1909f56bfc062723c751e8b465ee728b)
Start importing Assets/models/Materials/TextureAtlas.mat using Guid(3bad71f3449a38e4cb02ec8412ff46c1) Importer(815301076,1909f56bfc062723c751e8b465ee728b)  -> (artifact id: '761182f453190d2679c44efada68cf66') in 0.043351 seconds
  Import took 0.063198 seconds .

========================================================================
Received Import Request.
  Time since last request: 0.000327 seconds.
  path: Assets/models/Materials/TextureAtlas1.mat
  artifactKey: Guid(04e7508100c52c4438298d7b83022c72) Importer(815301076,1909f56bfc062723c751e8b465ee728b)
Start importing Assets/models/Materials/TextureAtlas1.mat using Guid(04e7508100c52c4438298d7b83022c72) Importer(815301076,1909f56bfc062723c751e8b465ee728b)  -> (artifact id: 'de7dae1de21fc89c619f2f1121018353') in 0.038326 seconds
  Import took 0.041777 seconds .

========================================================================
Received Import Request.
  Time since last request: 16.754023 seconds.
  path: Assets/models/Char_Main/Material/Char_Killer_Living_Material.mat
  artifactKey: Guid(20cf73d5cc21d24499644a3856b249a2) Importer(815301076,1909f56bfc062723c751e8b465ee728b)
Start importing Assets/models/Char_Main/Material/Char_Killer_Living_Material.mat using Guid(20cf73d5cc21d24499644a3856b249a2) Importer(815301076,1909f56bfc062723c751e8b465ee728b)  -> (artifact id: '5add2e0f0e6050daf90014d8a38e4a12') in 0.012522 seconds
  Import took 0.016136 seconds .

========================================================================
Received Import Request.
  Time since last request: 0.000294 seconds.
  path: Assets/models/Char_Main/Material/Char_Lover_Living_Material.mat
  artifactKey: Guid(1fcbcf9f4093eef4f9f5a1ba36f88b29) Importer(815301076,1909f56bfc062723c751e8b465ee728b)
Start importing Assets/models/Char_Main/Material/Char_Lover_Living_Material.mat using Guid(1fcbcf9f4093eef4f9f5a1ba36f88b29) Importer(815301076,1909f56bfc062723c751e8b465ee728b)  -> (artifact id: 'e0603c540efdfd536624a43766f6cba7') in 0.013834 seconds
  Import took 0.067214 seconds .

========================================================================
Received Import Request.
  Time since last request: 0.000392 seconds.
  path: Assets/models/Char_Main/Material/Char_Main_Skeleton_Material.mat
  artifactKey: Guid(ef8d34537d68e20459ae48d533b09444) Importer(815301076,1909f56bfc062723c751e8b465ee728b)
Start importing Assets/models/Char_Main/Material/Char_Main_Skeleton_Material.mat using Guid(ef8d34537d68e20459ae48d533b09444) Importer(815301076,1909f56bfc062723c751e8b465ee728b)  -> (artifact id: 'a3b6ba521c7b69f14e90913512a0e362') in 0.012473 seconds
  Import took 0.015798 seconds .

========================================================================
Received Import Request.
  Time since last request: 0.000351 seconds.
  path: Assets/models/Char_Main/Material/Char_Main_Living_Material.mat
  artifactKey: Guid(70e20ac7ac0138b4285ba04d85f917c2) Importer(815301076,1909f56bfc062723c751e8b465ee728b)
Start importing Assets/models/Char_Main/Material/Char_Main_Living_Material.mat using Guid(70e20ac7ac0138b4285ba04d85f917c2) Importer(815301076,1909f56bfc062723c751e8b465ee728b)  -> (artifact id: '943a9f092695df485828e40da51ba434') in 0.012753 seconds
  Import took 0.017050 seconds .

========================================================================
Received Import Request.
  Time since last request: 466.741905 seconds.
  path: Assets/models/Char_Main/Texture2D/Char_Main_Living_Texture_Metak.png
  artifactKey: Guid(e25a795b982321242ad188627808bef3) Importer(815301076,1909f56bfc062723c751e8b465ee728b)
Start importing Assets/models/Char_Main/Texture2D/Char_Main_Living_Texture_Metak.png using Guid(e25a795b982321242ad188627808bef3) Importer(815301076,1909f56bfc062723c751e8b465ee728b)  -> (artifact id: 'f290121f2cfc3fc4cd81510020851bbe') in 0.012707 seconds
  Import took 0.034347 seconds .

========================================================================
Received Import Request.
  Time since last request: 12.799079 seconds.
  path: Assets/models/Char_Main/Texture2D/Char_Main_Living_Texture_Metak.png
  artifactKey: Guid(e25a795b982321242ad188627808bef3) Importer(815301076,1909f56bfc062723c751e8b465ee728b)
Start importing Assets/models/Char_Main/Texture2D/Char_Main_Living_Texture_Metak.png using Guid(e25a795b982321242ad188627808bef3) Importer(815301076,1909f56bfc062723c751e8b465ee728b)  -> (artifact id: '60418c44cba4bd39046318f9186921c0') in 0.008252 seconds
  Import took 0.025397 seconds .

========================================================================
Received Import Request.
  Time since last request: 7.343608 seconds.
  path: Assets/models/Char_Main/Texture2D/Char_Main_Living_Texture_Metak.png
  artifactKey: Guid(e25a795b982321242ad188627808bef3) Importer(815301076,1909f56bfc062723c751e8b465ee728b)
Start importing Assets/models/Char_Main/Texture2D/Char_Main_Living_Texture_Metak.png using Guid(e25a795b982321242ad188627808bef3) Importer(815301076,1909f56bfc062723c751e8b465ee728b)  -> (artifact id: 'a0f97f4d33a277545803c6df05c57775') in 0.010722 seconds
  Import took 0.015405 seconds .

========================================================================
Received Import Request.
  Time since last request: 5.051399 seconds.
  path: Assets/models/Char_Main/Texture2D/Char_Main_Living_Texture_Metak.png
  artifactKey: Guid(e25a795b982321242ad188627808bef3) Importer(815301076,1909f56bfc062723c751e8b465ee728b)
Start importing Assets/models/Char_Main/Texture2D/Char_Main_Living_Texture_Metak.png using Guid(e25a795b982321242ad188627808bef3) Importer(815301076,1909f56bfc062723c751e8b465ee728b)  -> (artifact id: '80def563409cc9ab7f2607eaa5f9a00a') in 0.009057 seconds
  Import took 0.028418 seconds .

========================================================================
Received Import Request.
  Time since last request: 75.776984 seconds.
  path: Assets/Shaders/Cel-Shader.shadergraph
  artifactKey: Guid(4a165264c33c35648a40416aad7dcc54) Importer(815301076,1909f56bfc062723c751e8b465ee728b)
Start importing Assets/Shaders/Cel-Shader.shadergraph using Guid(4a165264c33c35648a40416aad7dcc54) Importer(815301076,1909f56bfc062723c751e8b465ee728b)  -> (artifact id: 'bf901b6befbe7d76f8348ed970196ff7') in 0.007942 seconds
  Import took 0.011559 seconds .

========================================================================
Received Import Request.
  Time since last request: 0.013726 seconds.
  path: Assets/Shaders/Cel-Shader.shadergraph
  artifactKey: Guid(4a165264c33c35648a40416aad7dcc54) Importer(815301076,1909f56bfc062723c751e8b465ee728b)
Start importing Assets/Shaders/Cel-Shader.shadergraph using Guid(4a165264c33c35648a40416aad7dcc54) Importer(815301076,1909f56bfc062723c751e8b465ee728b)  -> (artifact id: 'bf901b6befbe7d76f8348ed970196ff7') in 0.002013 seconds
  Import took 0.006126 seconds .

========================================================================
Received Import Request.
  Time since last request: 2.937199 seconds.
  path: Assets/materials/Char_Main_Living_Material 1.mat
  artifactKey: Guid(a0b88fb946528374d80daf9266f73537) Importer(815301076,1909f56bfc062723c751e8b465ee728b)
Start importing Assets/materials/Char_Main_Living_Material 1.mat using Guid(a0b88fb946528374d80daf9266f73537) Importer(815301076,1909f56bfc062723c751e8b465ee728b)  -> (artifact id: 'fbf0b674943bb3014385a1981c7450ea') in 0.018352 seconds
  Import took 0.022045 seconds .

========================================================================
Received Import Request.
  Time since last request: 122.306299 seconds.
  path: Assets/Shaders/Cel-Shader.shadergraph
  artifactKey: Guid(4a165264c33c35648a40416aad7dcc54) Importer(815301076,1909f56bfc062723c751e8b465ee728b)
Start importing Assets/Shaders/Cel-Shader.shadergraph using Guid(4a165264c33c35648a40416aad7dcc54) Importer(815301076,1909f56bfc062723c751e8b465ee728b)  -> (artifact id: '54e7c51c37fe6cfe8dc059717e74ce50') in 0.002169 seconds
  Import took 0.006539 seconds .

========================================================================
Received Import Request.
  Time since last request: 14.304738 seconds.
  path: Assets/models/Char_Main/Texture2D
  artifactKey: Guid(a438261b2bb19394191f688033c151b7) Importer(815301076,1909f56bfc062723c751e8b465ee728b)
Start importing Assets/models/Char_Main/Texture2D using Guid(a438261b2bb19394191f688033c151b7) Importer(815301076,1909f56bfc062723c751e8b465ee728b)  -> (artifact id: 'c2741b3046abeb6c8f2406b8a8d679db') in 0.005106 seconds
  Import took 0.043485 seconds .

AssetImportWorkerClient::OnTransportError - code=2 error=End of file
